\BOOKMARK [0][-]{chapter.1}{Wstep}{}% 1
\BOOKMARK [1][-]{section.1.1}{Podstawowe definicje}{chapter.1}% 2
\BOOKMARK [2][-]{subsection.1.1.1}{Symulacja}{section.1.1}% 3
\BOOKMARK [2][-]{subsection.1.1.2}{Uk\233ad dynamiczny}{section.1.1}% 4
\BOOKMARK [1][-]{section.1.2}{Opis problemu}{chapter.1}% 5
\BOOKMARK [2][-]{subsection.1.2.1}{Motywacja}{section.1.2}% 6
\BOOKMARK [2][-]{subsection.1.2.2}{G\233\363wne cele}{section.1.2}% 7
\BOOKMARK [1][-]{section.1.3}{Przeglad istniejacych rozwiazan}{chapter.1}% 8
\BOOKMARK [2][-]{subsection.1.3.1}{Symulatory}{section.1.3}% 9
\BOOKMARK [2][-]{subsection.1.3.2}{Dynamika i sterowanie}{section.1.3}% 10
\BOOKMARK [0][-]{chapter.2}{Definicja projektu}{}% 11
\BOOKMARK [1][-]{section.2.1}{Zakres projektu}{chapter.2}% 12
\BOOKMARK [1][-]{section.2.2}{Analiza wymagan}{chapter.2}% 13
\BOOKMARK [1][-]{section.2.3}{Ograniczenia}{chapter.2}% 14
\BOOKMARK [0][-]{chapter.3}{Opis rozwiazania}{}% 15
\BOOKMARK [1][-]{section.3.1}{Podstawy matematyczno-fizyczne}{chapter.3}% 16
\BOOKMARK [2][-]{subsection.3.1.1}{R\363wnania stanu}{section.3.1}% 17
\BOOKMARK [2][-]{subsection.3.1.2}{Algorytm Rungego-Kutty}{section.3.1}% 18
\BOOKMARK [2][-]{subsection.3.1.3}{SLERP}{section.3.1}% 19
\BOOKMARK [2][-]{subsection.3.1.4}{Regulator PID}{section.3.1}% 20
\BOOKMARK [2][-]{subsection.3.1.5}{Regulator podw\363jny PID}{section.3.1}% 21
\BOOKMARK [1][-]{section.3.2}{Mechanika systemu}{chapter.3}% 22
\BOOKMARK [2][-]{subsection.3.2.1}{Model matematyczny ruchu}{section.3.2}% 23
\BOOKMARK [2][-]{subsection.3.2.2}{Linearyzacja modelu}{section.3.2}% 24
\BOOKMARK [2][-]{subsection.3.2.3}{Stabilizacja uk\233adu}{section.3.2}% 25
\BOOKMARK [2][-]{subsection.3.2.4}{Wprowadzenie zak\233\363cen do modelu}{section.3.2}% 26
\BOOKMARK [2][-]{subsection.3.2.5}{Wprowadzenie trajektorii ruchu}{section.3.2}% 27
\BOOKMARK [2][-]{subsection.3.2.6}{Manualna kontrola nad uk\233adem}{section.3.2}% 28
\BOOKMARK [1][-]{section.3.3}{Algorytm pracy symulatora}{chapter.3}% 29
\BOOKMARK [0][-]{chapter.4}{Testy i por\363wnanie przyjetych rozwiazan}{}% 30
\BOOKMARK [1][-]{section.4.1}{Za\233ozenia wstepne}{chapter.4}% 31
\BOOKMARK [1][-]{section.4.2}{Stabilizacja uk\233adu}{chapter.4}% 32
\BOOKMARK [1][-]{section.4.3}{Ruch po trajektorii}{chapter.4}% 33
\BOOKMARK [2][-]{subsection.4.3.1}{Za\233ozenia}{section.4.3}% 34
\BOOKMARK [2][-]{subsection.4.3.2}{Trajektoria prosta}{section.4.3}% 35
\BOOKMARK [2][-]{subsection.4.3.3}{Trajektoria z\233ozona}{section.4.3}% 36
\BOOKMARK [1][-]{section.4.4}{Wp\233yw parametr\363w uk\233adu}{chapter.4}% 37
\BOOKMARK [1][-]{section.4.5}{Wp\233yw zak\233\363cen pochodzacych od si\233y wiatru}{chapter.4}% 38
\BOOKMARK [0][-]{chapter.5}{Architektura systemu}{}% 39
\BOOKMARK [1][-]{section.5.1}{Og\363lny opis rozwiazania}{chapter.5}% 40
\BOOKMARK [2][-]{subsection.5.1.1}{Symulator}{section.5.1}% 41
\BOOKMARK [2][-]{subsection.5.1.2}{Biblioteka fizyki}{section.5.1}% 42
\BOOKMARK [2][-]{subsection.5.1.3}{Komunikacja}{section.5.1}% 43
\BOOKMARK [1][-]{section.5.2}{Wykorzystane narzedzia}{chapter.5}% 44
\BOOKMARK [1][-]{section.5.3}{Wzorce projektowe}{chapter.5}% 45
\BOOKMARK [1][-]{section.5.4}{Komponenty aplikacji}{chapter.5}% 46
\BOOKMARK [2][-]{subsection.5.4.1}{Modele}{section.5.4}% 47
\BOOKMARK [2][-]{subsection.5.4.2}{Kontrolery}{section.5.4}% 48
\BOOKMARK [0][-]{chapter.6}{Instrukcja uzytkownika}{}% 49
\BOOKMARK [1][-]{section.6.1}{Og\363lny wyglad aplikacji}{chapter.6}% 50
\BOOKMARK [1][-]{section.6.2}{Konfiguracja}{chapter.6}% 51
\BOOKMARK [2][-]{subsection.6.2.1}{Modu\233y}{section.6.2}% 52
\BOOKMARK [2][-]{subsection.6.2.2}{Opcje}{section.6.2}% 53
\BOOKMARK [2][-]{subsection.6.2.3}{Sterowanie parametrami}{section.6.2}% 54
\BOOKMARK [1][-]{section.6.3}{Wizualizacja}{chapter.6}% 55
\BOOKMARK [2][-]{subsection.6.3.1}{Kontrola animacji}{section.6.3}% 56
\BOOKMARK [2][-]{subsection.6.3.2}{Scena}{section.6.3}% 57
\BOOKMARK [2][-]{subsection.6.3.3}{Wykresy}{section.6.3}% 58
\BOOKMARK [0][-]{chapter.7}{Podsumowanie pracy}{}% 59
\BOOKMARK [1][-]{section.7.1}{Ocena rozwiazania}{chapter.7}% 60
\BOOKMARK [2][-]{subsection.7.1.1}{Stopien realizacji projektu}{section.7.1}% 61
\BOOKMARK [2][-]{subsection.7.1.2}{Poprawnosc rozwiazania}{section.7.1}% 62
\BOOKMARK [1][-]{section.7.2}{Krytyczna refleksja}{chapter.7}% 63
\BOOKMARK [1][-]{section.7.3}{Mozliwosci rozszerzania projektu}{chapter.7}% 64
\BOOKMARK [0][-]{chapter*.27}{Bibliografia}{}% 65
\BOOKMARK [0][-]{Dodatek.a.A}{Wykresy parametr\363w sterowania dla ruchu po z\233ozonej trajektorii}{}% 66
\BOOKMARK [1][-]{section.a.A.1}{Podw\363jny regulator kaskadowy}{Dodatek.a.A}% 67
\BOOKMARK [1][-]{section.a.A.2}{Podw\363jny regulator r\363wnoleg\233y}{Dodatek.a.A}% 68
\BOOKMARK [1][-]{section.a.A.3}{Zmodyfikowany podw\363jny regulator r\363wnoleg\233y}{Dodatek.a.A}% 69
\BOOKMARK [0][-]{Dodatek.a.B}{Wykresy parametr\363w sterowania dla uk\233adu z zak\233\363ceniami}{}% 70
